2022-12-25 17:32:48,089 [Worker-4: Loading available Gradle versions] INFO  o.e.b.c.i.u.g.PublishedGradleVersions - Gradle version information cache is out-of-date. Trying to update.
2022-12-25 17:32:48,295 [Worker-4: Loading available Gradle versions] INFO  o.e.b.c.i.u.g.PublishedGradleVersions - Updating Gradle version information cache failed. Using outdated cache.
2022-12-25 17:33:38,146 [Worker-4: Loading available Gradle versions] INFO  o.e.b.c.i.u.g.PublishedGradleVersions - Gradle version information cache is out-of-date. Trying to update.
2022-12-25 17:33:38,349 [Worker-4: Loading available Gradle versions] INFO  o.e.b.c.i.u.g.PublishedGradleVersions - Updating Gradle version information cache failed. Using outdated cache.
2022-12-25 17:34:37,844 [Worker-24: Building] INFO  o.e.m.c.i.l.LifecycleMappingFactory - Using org.eclipse.m2e.jdt.JarLifecycleMapping lifecycle mapping for MavenProject: org.example:OCP17:1.0-SNAPSHOT @ C:\Users\2549186\Desktop\OCP17-master\OCP17\pom.xml.
2022-12-25 17:34:37,844 [Worker-26: Updating Maven Dependencies] INFO  o.e.m.c.i.l.LifecycleMappingFactory - Using org.eclipse.m2e.jdt.JarLifecycleMapping lifecycle mapping for MavenProject: org.example:OCP17:1.0-SNAPSHOT @ C:\Users\2549186\Desktop\OCP17-master\OCP17\pom.xml.
2022-12-25 17:34:38,123 [Worker-24: Building] INFO  o.e.m.c.i.embedder.EclipseLogger - Using 'UTF-8' encoding to copy filtered resources.
2022-12-25 17:34:38,123 [Worker-24: Building] INFO  o.e.m.c.i.embedder.EclipseLogger - skip non existing resourceDirectory C:\Users\2549186\Desktop\OCP17-master\OCP17\src\main\resources
2022-12-25 17:34:38,124 [Worker-24: Building] INFO  o.e.m.c.i.embedder.EclipseLogger - Using 'UTF-8' encoding to copy filtered resources.
2022-12-25 17:34:38,125 [Worker-24: Building] INFO  o.e.m.c.i.embedder.EclipseLogger - skip non existing resourceDirectory C:\Users\2549186\Desktop\OCP17-master\OCP17\src\test\resources
2022-12-25 17:34:39,742 [Worker-8: Updating Maven Dependencies] INFO  o.e.m.c.i.l.LifecycleMappingFactory - Using org.eclipse.m2e.jdt.JarLifecycleMapping lifecycle mapping for MavenProject: org.example:OCP17:1.0-SNAPSHOT @ C:\Users\2549186\Desktop\OCP17-master\OCP17\pom.xml.
2022-12-25 17:34:40,549 [Worker-15: Building] INFO  o.e.m.c.i.embedder.EclipseLogger - Using 'UTF-8' encoding to copy filtered resources.
2022-12-25 17:34:40,549 [Worker-15: Building] INFO  o.e.m.c.i.embedder.EclipseLogger - skip non existing resourceDirectory C:\Users\2549186\Desktop\OCP17-master\OCP17\src\main\resources
2022-12-25 17:34:40,551 [Worker-15: Building] INFO  o.e.m.c.i.embedder.EclipseLogger - Using 'UTF-8' encoding to copy filtered resources.
2022-12-25 17:34:40,551 [Worker-15: Building] INFO  o.e.m.c.i.embedder.EclipseLogger - skip non existing resourceDirectory C:\Users\2549186\Desktop\OCP17-master\OCP17\src\test\resources
2022-12-25 17:35:57,660 [Worker-35: Building] INFO  o.e.m.c.i.embedder.EclipseLogger - Using 'UTF-8' encoding to copy filtered resources.
2022-12-25 17:35:57,660 [Worker-35: Building] INFO  o.e.m.c.i.embedder.EclipseLogger - skip non existing resourceDirectory C:\Users\2549186\Desktop\OCP17-master\OCP17\src\main\resources
2022-12-25 17:35:57,661 [Worker-35: Building] INFO  o.e.m.c.i.embedder.EclipseLogger - Using 'UTF-8' encoding to copy filtered resources.
2022-12-25 17:35:57,661 [Worker-35: Building] INFO  o.e.m.c.i.embedder.EclipseLogger - skip non existing resourceDirectory C:\Users\2549186\Desktop\OCP17-master\OCP17\src\test\resources
2022-12-25 17:37:59,712 [Worker-35: Building] INFO  o.e.m.c.i.embedder.EclipseLogger - Using 'UTF-8' encoding to copy filtered resources.
2022-12-25 17:37:59,712 [Worker-35: Building] INFO  o.e.m.c.i.embedder.EclipseLogger - skip non existing resourceDirectory C:\Users\2549186\Desktop\OCP17-master\OCP17\src\main\resources
2022-12-25 17:37:59,713 [Worker-35: Building] INFO  o.e.m.c.i.embedder.EclipseLogger - Using 'UTF-8' encoding to copy filtered resources.
2022-12-25 17:37:59,714 [Worker-35: Building] INFO  o.e.m.c.i.embedder.EclipseLogger - skip non existing resourceDirectory C:\Users\2549186\Desktop\OCP17-master\OCP17\src\test\resources
2022-12-25 17:38:49,440 [Worker-13: Building] INFO  o.e.m.c.i.embedder.EclipseLogger - Using 'UTF-8' encoding to copy filtered resources.
2022-12-25 17:38:49,440 [Worker-13: Building] INFO  o.e.m.c.i.embedder.EclipseLogger - skip non existing resourceDirectory C:\Users\2549186\Desktop\OCP17-master\OCP17\src\main\resources
2022-12-25 17:38:49,441 [Worker-13: Building] INFO  o.e.m.c.i.embedder.EclipseLogger - Using 'UTF-8' encoding to copy filtered resources.
2022-12-25 17:38:49,441 [Worker-13: Building] INFO  o.e.m.c.i.embedder.EclipseLogger - skip non existing resourceDirectory C:\Users\2549186\Desktop\OCP17-master\OCP17\src\test\resources
2022-12-25 17:39:07,624 [Worker-27: Building] INFO  o.e.m.c.i.embedder.EclipseLogger - Using 'UTF-8' encoding to copy filtered resources.
2022-12-25 17:39:07,624 [Worker-27: Building] INFO  o.e.m.c.i.embedder.EclipseLogger - skip non existing resourceDirectory C:\Users\2549186\Desktop\OCP17-master\OCP17\src\main\resources
2022-12-25 17:39:07,625 [Worker-27: Building] INFO  o.e.m.c.i.embedder.EclipseLogger - Using 'UTF-8' encoding to copy filtered resources.
2022-12-25 17:39:07,625 [Worker-27: Building] INFO  o.e.m.c.i.embedder.EclipseLogger - skip non existing resourceDirectory C:\Users\2549186\Desktop\OCP17-master\OCP17\src\test\resources
2022-12-25 17:39:22,842 [Worker-35: Building] INFO  o.e.m.c.i.embedder.EclipseLogger - Using 'UTF-8' encoding to copy filtered resources.
2022-12-25 17:39:22,842 [Worker-35: Building] INFO  o.e.m.c.i.embedder.EclipseLogger - skip non existing resourceDirectory C:\Users\2549186\Desktop\OCP17-master\OCP17\src\main\resources
2022-12-25 17:39:22,842 [Worker-35: Building] INFO  o.e.m.c.i.embedder.EclipseLogger - Using 'UTF-8' encoding to copy filtered resources.
2022-12-25 17:39:22,843 [Worker-35: Building] INFO  o.e.m.c.i.embedder.EclipseLogger - skip non existing resourceDirectory C:\Users\2549186\Desktop\OCP17-master\OCP17\src\test\resources
2022-12-25 17:39:29,980 [Worker-27: Building] INFO  o.e.m.c.i.embedder.EclipseLogger - Using 'UTF-8' encoding to copy filtered resources.
2022-12-25 17:39:29,980 [Worker-27: Building] INFO  o.e.m.c.i.embedder.EclipseLogger - skip non existing resourceDirectory C:\Users\2549186\Desktop\OCP17-master\OCP17\src\main\resources
2022-12-25 17:39:29,981 [Worker-27: Building] INFO  o.e.m.c.i.embedder.EclipseLogger - Using 'UTF-8' encoding to copy filtered resources.
2022-12-25 17:39:29,981 [Worker-27: Building] INFO  o.e.m.c.i.embedder.EclipseLogger - skip non existing resourceDirectory C:\Users\2549186\Desktop\OCP17-master\OCP17\src\test\resources
2022-12-25 17:39:35,650 [Worker-21: Building] INFO  o.e.m.c.i.embedder.EclipseLogger - Using 'UTF-8' encoding to copy filtered resources.
2022-12-25 17:39:35,650 [Worker-21: Building] INFO  o.e.m.c.i.embedder.EclipseLogger - skip non existing resourceDirectory C:\Users\2549186\Desktop\OCP17-master\OCP17\src\main\resources
2022-12-25 17:39:35,651 [Worker-21: Building] INFO  o.e.m.c.i.embedder.EclipseLogger - Using 'UTF-8' encoding to copy filtered resources.
2022-12-25 17:39:35,651 [Worker-21: Building] INFO  o.e.m.c.i.embedder.EclipseLogger - skip non existing resourceDirectory C:\Users\2549186\Desktop\OCP17-master\OCP17\src\test\resources
2022-12-25 17:40:10,050 [Worker-34: Building] INFO  o.e.m.c.i.embedder.EclipseLogger - Using 'UTF-8' encoding to copy filtered resources.
2022-12-25 17:40:10,050 [Worker-34: Building] INFO  o.e.m.c.i.embedder.EclipseLogger - skip non existing resourceDirectory C:\Users\2549186\Desktop\OCP17-master\OCP17\src\main\resources
2022-12-25 17:40:10,051 [Worker-34: Building] INFO  o.e.m.c.i.embedder.EclipseLogger - Using 'UTF-8' encoding to copy filtered resources.
2022-12-25 17:40:10,051 [Worker-34: Building] INFO  o.e.m.c.i.embedder.EclipseLogger - skip non existing resourceDirectory C:\Users\2549186\Desktop\OCP17-master\OCP17\src\test\resources
2022-12-25 17:40:31,468 [Worker-21: Building] INFO  o.e.m.c.i.embedder.EclipseLogger - Using 'UTF-8' encoding to copy filtered resources.
2022-12-25 17:40:31,469 [Worker-21: Building] INFO  o.e.m.c.i.embedder.EclipseLogger - skip non existing resourceDirectory C:\Users\2549186\Desktop\OCP17-master\OCP17\src\main\resources
2022-12-25 17:40:31,470 [Worker-21: Building] INFO  o.e.m.c.i.embedder.EclipseLogger - Using 'UTF-8' encoding to copy filtered resources.
2022-12-25 17:40:31,470 [Worker-21: Building] INFO  o.e.m.c.i.embedder.EclipseLogger - skip non existing resourceDirectory C:\Users\2549186\Desktop\OCP17-master\OCP17\src\test\resources
2022-12-25 17:40:37,316 [Worker-21: Building] INFO  o.e.m.c.i.embedder.EclipseLogger - Using 'UTF-8' encoding to copy filtered resources.
2022-12-25 17:40:37,316 [Worker-21: Building] INFO  o.e.m.c.i.embedder.EclipseLogger - skip non existing resourceDirectory C:\Users\2549186\Desktop\OCP17-master\OCP17\src\main\resources
2022-12-25 17:40:37,317 [Worker-21: Building] INFO  o.e.m.c.i.embedder.EclipseLogger - Using 'UTF-8' encoding to copy filtered resources.
2022-12-25 17:40:37,317 [Worker-21: Building] INFO  o.e.m.c.i.embedder.EclipseLogger - skip non existing resourceDirectory C:\Users\2549186\Desktop\OCP17-master\OCP17\src\test\resources
2022-12-25 17:40:50,530 [Worker-34: Building] INFO  o.e.m.c.i.embedder.EclipseLogger - Using 'UTF-8' encoding to copy filtered resources.
2022-12-25 17:40:50,530 [Worker-34: Building] INFO  o.e.m.c.i.embedder.EclipseLogger - skip non existing resourceDirectory C:\Users\2549186\Desktop\OCP17-master\OCP17\src\main\resources
2022-12-25 17:40:50,531 [Worker-34: Building] INFO  o.e.m.c.i.embedder.EclipseLogger - Using 'UTF-8' encoding to copy filtered resources.
2022-12-25 17:40:50,531 [Worker-34: Building] INFO  o.e.m.c.i.embedder.EclipseLogger - skip non existing resourceDirectory C:\Users\2549186\Desktop\OCP17-master\OCP17\src\test\resources
2022-12-25 17:42:50,188 [Worker-35: Building] INFO  o.e.m.c.i.embedder.EclipseLogger - Using 'UTF-8' encoding to copy filtered resources.
2022-12-25 17:42:50,188 [Worker-35: Building] INFO  o.e.m.c.i.embedder.EclipseLogger - skip non existing resourceDirectory C:\Users\2549186\Desktop\OCP17-master\OCP17\src\main\resources
2022-12-25 17:42:50,188 [Worker-35: Building] INFO  o.e.m.c.i.embedder.EclipseLogger - Using 'UTF-8' encoding to copy filtered resources.
2022-12-25 17:42:50,189 [Worker-35: Building] INFO  o.e.m.c.i.embedder.EclipseLogger - skip non existing resourceDirectory C:\Users\2549186\Desktop\OCP17-master\OCP17\src\test\resources
2022-12-25 17:43:23,514 [Worker-38: Building] INFO  o.e.m.c.i.embedder.EclipseLogger - Using 'UTF-8' encoding to copy filtered resources.
2022-12-25 17:43:23,515 [Worker-38: Building] INFO  o.e.m.c.i.embedder.EclipseLogger - skip non existing resourceDirectory C:\Users\2549186\Desktop\OCP17-master\OCP17\src\main\resources
2022-12-25 17:43:23,515 [Worker-38: Building] INFO  o.e.m.c.i.embedder.EclipseLogger - Using 'UTF-8' encoding to copy filtered resources.
2022-12-25 17:43:23,516 [Worker-38: Building] INFO  o.e.m.c.i.embedder.EclipseLogger - skip non existing resourceDirectory C:\Users\2549186\Desktop\OCP17-master\OCP17\src\test\resources
2022-12-25 17:43:44,813 [Worker-38: Building] INFO  o.e.m.c.i.embedder.EclipseLogger - Using 'UTF-8' encoding to copy filtered resources.
2022-12-25 17:43:44,813 [Worker-38: Building] INFO  o.e.m.c.i.embedder.EclipseLogger - skip non existing resourceDirectory C:\Users\2549186\Desktop\OCP17-master\OCP17\src\main\resources
2022-12-25 17:43:44,813 [Worker-38: Building] INFO  o.e.m.c.i.embedder.EclipseLogger - Using 'UTF-8' encoding to copy filtered resources.
2022-12-25 17:43:44,814 [Worker-38: Building] INFO  o.e.m.c.i.embedder.EclipseLogger - skip non existing resourceDirectory C:\Users\2549186\Desktop\OCP17-master\OCP17\src\test\resources
2022-12-25 17:43:57,650 [Worker-38: Building] INFO  o.e.m.c.i.embedder.EclipseLogger - Using 'UTF-8' encoding to copy filtered resources.
2022-12-25 17:43:57,651 [Worker-38: Building] INFO  o.e.m.c.i.embedder.EclipseLogger - skip non existing resourceDirectory C:\Users\2549186\Desktop\OCP17-master\OCP17\src\main\resources
2022-12-25 17:43:57,652 [Worker-38: Building] INFO  o.e.m.c.i.embedder.EclipseLogger - Using 'UTF-8' encoding to copy filtered resources.
2022-12-25 17:43:57,652 [Worker-38: Building] INFO  o.e.m.c.i.embedder.EclipseLogger - skip non existing resourceDirectory C:\Users\2549186\Desktop\OCP17-master\OCP17\src\test\resources
2022-12-25 17:44:14,532 [Worker-38: Building Project OCP17] INFO  o.e.m.c.i.embedder.EclipseLogger - Using 'UTF-8' encoding to copy filtered resources.
2022-12-25 17:44:14,533 [Worker-38: Building Project OCP17] INFO  o.e.m.c.i.embedder.EclipseLogger - skip non existing resourceDirectory C:\Users\2549186\Desktop\OCP17-master\OCP17\src\main\resources
2022-12-25 17:44:14,533 [Worker-38: Building Project OCP17] INFO  o.e.m.c.i.embedder.EclipseLogger - Using 'UTF-8' encoding to copy filtered resources.
2022-12-25 17:44:14,533 [Worker-38: Building Project OCP17] INFO  o.e.m.c.i.embedder.EclipseLogger - skip non existing resourceDirectory C:\Users\2549186\Desktop\OCP17-master\OCP17\src\test\resources
2022-12-25 17:44:15,727 [Worker-37: Building] INFO  o.e.m.c.i.embedder.EclipseLogger - Using 'UTF-8' encoding to copy filtered resources.
2022-12-25 17:44:15,728 [Worker-37: Building] INFO  o.e.m.c.i.embedder.EclipseLogger - skip non existing resourceDirectory C:\Users\2549186\Desktop\OCP17-master\OCP17\src\main\resources
2022-12-25 17:44:15,728 [Worker-37: Building] INFO  o.e.m.c.i.embedder.EclipseLogger - Using 'UTF-8' encoding to copy filtered resources.
2022-12-25 17:44:15,728 [Worker-37: Building] INFO  o.e.m.c.i.embedder.EclipseLogger - skip non existing resourceDirectory C:\Users\2549186\Desktop\OCP17-master\OCP17\src\test\resources
2022-12-25 17:44:28,653 [Worker-21: Building] INFO  o.e.m.c.i.embedder.EclipseLogger - Using 'UTF-8' encoding to copy filtered resources.
2022-12-25 17:44:28,653 [Worker-21: Building] INFO  o.e.m.c.i.embedder.EclipseLogger - skip non existing resourceDirectory C:\Users\2549186\Desktop\OCP17-master\OCP17\src\main\resources
2022-12-25 17:44:28,653 [Worker-21: Building] INFO  o.e.m.c.i.embedder.EclipseLogger - Using 'UTF-8' encoding to copy filtered resources.
2022-12-25 17:44:28,654 [Worker-21: Building] INFO  o.e.m.c.i.embedder.EclipseLogger - skip non existing resourceDirectory C:\Users\2549186\Desktop\OCP17-master\OCP17\src\test\resources
2022-12-25 17:44:32,874 [Worker-34: Building] INFO  o.e.m.c.i.embedder.EclipseLogger - Using 'UTF-8' encoding to copy filtered resources.
2022-12-25 17:44:32,874 [Worker-34: Building] INFO  o.e.m.c.i.embedder.EclipseLogger - skip non existing resourceDirectory C:\Users\2549186\Desktop\OCP17-master\OCP17\src\main\resources
2022-12-25 17:44:32,875 [Worker-34: Building] INFO  o.e.m.c.i.embedder.EclipseLogger - Using 'UTF-8' encoding to copy filtered resources.
2022-12-25 17:44:32,875 [Worker-34: Building] INFO  o.e.m.c.i.embedder.EclipseLogger - skip non existing resourceDirectory C:\Users\2549186\Desktop\OCP17-master\OCP17\src\test\resources
2022-12-25 17:45:27,263 [Worker-13: Building] INFO  o.e.m.c.i.embedder.EclipseLogger - Using 'UTF-8' encoding to copy filtered resources.
2022-12-25 17:45:27,263 [Worker-13: Building] INFO  o.e.m.c.i.embedder.EclipseLogger - skip non existing resourceDirectory C:\Users\2549186\Desktop\OCP17-master\OCP17\src\main\resources
2022-12-25 17:45:27,263 [Worker-13: Building] INFO  o.e.m.c.i.embedder.EclipseLogger - Using 'UTF-8' encoding to copy filtered resources.
2022-12-25 17:45:27,264 [Worker-13: Building] INFO  o.e.m.c.i.embedder.EclipseLogger - skip non existing resourceDirectory C:\Users\2549186\Desktop\OCP17-master\OCP17\src\test\resources
2022-12-25 17:46:07,700 [Worker-21: Building] INFO  o.e.m.c.i.embedder.EclipseLogger - Using 'UTF-8' encoding to copy filtered resources.
2022-12-25 17:46:07,701 [Worker-21: Building] INFO  o.e.m.c.i.embedder.EclipseLogger - skip non existing resourceDirectory C:\Users\2549186\Desktop\OCP17-master\OCP17\src\main\resources
2022-12-25 17:46:07,701 [Worker-21: Building] INFO  o.e.m.c.i.embedder.EclipseLogger - Using 'UTF-8' encoding to copy filtered resources.
2022-12-25 17:46:07,701 [Worker-21: Building] INFO  o.e.m.c.i.embedder.EclipseLogger - skip non existing resourceDirectory C:\Users\2549186\Desktop\OCP17-master\OCP17\src\test\resources
2022-12-25 17:46:11,582 [Worker-13: Building] INFO  o.e.m.c.i.embedder.EclipseLogger - Using 'UTF-8' encoding to copy filtered resources.
2022-12-25 17:46:11,582 [Worker-13: Building] INFO  o.e.m.c.i.embedder.EclipseLogger - skip non existing resourceDirectory C:\Users\2549186\Desktop\OCP17-master\OCP17\src\main\resources
2022-12-25 17:46:11,583 [Worker-13: Building] INFO  o.e.m.c.i.embedder.EclipseLogger - Using 'UTF-8' encoding to copy filtered resources.
2022-12-25 17:46:11,583 [Worker-13: Building] INFO  o.e.m.c.i.embedder.EclipseLogger - skip non existing resourceDirectory C:\Users\2549186\Desktop\OCP17-master\OCP17\src\test\resources
2022-12-25 17:46:53,290 [Worker-21: Building] INFO  o.e.m.c.i.embedder.EclipseLogger - Using 'UTF-8' encoding to copy filtered resources.
2022-12-25 17:46:53,290 [Worker-21: Building] INFO  o.e.m.c.i.embedder.EclipseLogger - skip non existing resourceDirectory C:\Users\2549186\Desktop\OCP17-master\OCP17\src\main\resources
2022-12-25 17:46:53,291 [Worker-21: Building] INFO  o.e.m.c.i.embedder.EclipseLogger - Using 'UTF-8' encoding to copy filtered resources.
2022-12-25 17:46:53,291 [Worker-21: Building] INFO  o.e.m.c.i.embedder.EclipseLogger - skip non existing resourceDirectory C:\Users\2549186\Desktop\OCP17-master\OCP17\src\test\resources
2022-12-25 17:47:19,820 [Worker-37: Building] INFO  o.e.m.c.i.embedder.EclipseLogger - Using 'UTF-8' encoding to copy filtered resources.
2022-12-25 17:47:19,820 [Worker-37: Building] INFO  o.e.m.c.i.embedder.EclipseLogger - skip non existing resourceDirectory C:\Users\2549186\Desktop\OCP17-master\OCP17\src\main\resources
2022-12-25 17:47:19,820 [Worker-37: Building] INFO  o.e.m.c.i.embedder.EclipseLogger - Using 'UTF-8' encoding to copy filtered resources.
2022-12-25 17:47:19,821 [Worker-37: Building] INFO  o.e.m.c.i.embedder.EclipseLogger - skip non existing resourceDirectory C:\Users\2549186\Desktop\OCP17-master\OCP17\src\test\resources
2022-12-25 17:48:11,909 [Worker-21: Rebuilding] INFO  o.e.m.c.i.embedder.EclipseLogger - Using 'UTF-8' encoding to copy filtered resources.
2022-12-25 17:48:11,909 [Worker-21: Rebuilding] INFO  o.e.m.c.i.embedder.EclipseLogger - skip non existing resourceDirectory C:\Users\2549186\Desktop\OCP17-master\OCP17\src\main\resources
2022-12-25 17:48:11,910 [Worker-21: Rebuilding] INFO  o.e.m.c.i.embedder.EclipseLogger - Using 'UTF-8' encoding to copy filtered resources.
2022-12-25 17:48:11,910 [Worker-21: Rebuilding] INFO  o.e.m.c.i.embedder.EclipseLogger - skip non existing resourceDirectory C:\Users\2549186\Desktop\OCP17-master\OCP17\src\test\resources
2022-12-25 17:48:26,806 [Worker-21: Building] INFO  o.e.m.c.i.embedder.EclipseLogger - Using 'UTF-8' encoding to copy filtered resources.
2022-12-25 17:48:26,806 [Worker-21: Building] INFO  o.e.m.c.i.embedder.EclipseLogger - skip non existing resourceDirectory C:\Users\2549186\Desktop\OCP17-master\OCP17\src\main\resources
2022-12-25 17:48:26,806 [Worker-21: Building] INFO  o.e.m.c.i.embedder.EclipseLogger - Using 'UTF-8' encoding to copy filtered resources.
2022-12-25 17:48:26,807 [Worker-21: Building] INFO  o.e.m.c.i.embedder.EclipseLogger - skip non existing resourceDirectory C:\Users\2549186\Desktop\OCP17-master\OCP17\src\test\resources
2022-12-25 17:50:14,214 [Worker-13: Building Project OCP17] INFO  o.e.m.c.i.embedder.EclipseLogger - Using 'UTF-8' encoding to copy filtered resources.
2022-12-25 17:50:14,214 [Worker-13: Building Project OCP17] INFO  o.e.m.c.i.embedder.EclipseLogger - skip non existing resourceDirectory C:\Users\2549186\Desktop\OCP17-master\OCP17\src\main\resources
2022-12-25 17:50:14,215 [Worker-13: Building Project OCP17] INFO  o.e.m.c.i.embedder.EclipseLogger - Using 'UTF-8' encoding to copy filtered resources.
2022-12-25 17:50:14,215 [Worker-13: Building Project OCP17] INFO  o.e.m.c.i.embedder.EclipseLogger - skip non existing resourceDirectory C:\Users\2549186\Desktop\OCP17-master\OCP17\src\test\resources
2022-12-25 17:50:16,553 [Worker-38: Building] INFO  o.e.m.c.i.embedder.EclipseLogger - Using 'UTF-8' encoding to copy filtered resources.
2022-12-25 17:50:16,553 [Worker-38: Building] INFO  o.e.m.c.i.embedder.EclipseLogger - skip non existing resourceDirectory C:\Users\2549186\Desktop\OCP17-master\OCP17\src\main\resources
2022-12-25 17:50:16,553 [Worker-38: Building] INFO  o.e.m.c.i.embedder.EclipseLogger - Using 'UTF-8' encoding to copy filtered resources.
2022-12-25 17:50:16,553 [Worker-38: Building] INFO  o.e.m.c.i.embedder.EclipseLogger - skip non existing resourceDirectory C:\Users\2549186\Desktop\OCP17-master\OCP17\src\test\resources
2022-12-25 17:50:27,766 [Worker-21: Building Project OCP17] INFO  o.e.m.c.i.embedder.EclipseLogger - Using 'UTF-8' encoding to copy filtered resources.
2022-12-25 17:50:27,766 [Worker-21: Building Project OCP17] INFO  o.e.m.c.i.embedder.EclipseLogger - skip non existing resourceDirectory C:\Users\2549186\Desktop\OCP17-master\OCP17\src\main\resources
2022-12-25 17:50:27,767 [Worker-21: Building Project OCP17] INFO  o.e.m.c.i.embedder.EclipseLogger - Using 'UTF-8' encoding to copy filtered resources.
2022-12-25 17:50:27,767 [Worker-21: Building Project OCP17] INFO  o.e.m.c.i.embedder.EclipseLogger - skip non existing resourceDirectory C:\Users\2549186\Desktop\OCP17-master\OCP17\src\test\resources
2022-12-25 17:50:41,875 [Worker-21: Rebuilding] INFO  o.e.m.c.i.embedder.EclipseLogger - Using 'UTF-8' encoding to copy filtered resources.
2022-12-25 17:50:41,875 [Worker-21: Rebuilding] INFO  o.e.m.c.i.embedder.EclipseLogger - skip non existing resourceDirectory C:\Users\2549186\Desktop\OCP17-master\OCP17\src\main\resources
2022-12-25 17:50:41,875 [Worker-21: Rebuilding] INFO  o.e.m.c.i.embedder.EclipseLogger - Using 'UTF-8' encoding to copy filtered resources.
2022-12-25 17:50:41,875 [Worker-21: Rebuilding] INFO  o.e.m.c.i.embedder.EclipseLogger - skip non existing resourceDirectory C:\Users\2549186\Desktop\OCP17-master\OCP17\src\test\resources
2022-12-25 17:52:18,780 [Worker-38: Building] INFO  o.e.m.c.i.embedder.EclipseLogger - Using 'UTF-8' encoding to copy filtered resources.
2022-12-25 17:52:18,781 [Worker-38: Building] INFO  o.e.m.c.i.embedder.EclipseLogger - skip non existing resourceDirectory C:\Users\2549186\Desktop\OCP17-master\OCP17\src\main\resources
2022-12-25 17:52:18,781 [Worker-38: Building] INFO  o.e.m.c.i.embedder.EclipseLogger - Using 'UTF-8' encoding to copy filtered resources.
2022-12-25 17:52:18,781 [Worker-38: Building] INFO  o.e.m.c.i.embedder.EclipseLogger - skip non existing resourceDirectory C:\Users\2549186\Desktop\OCP17-master\OCP17\src\test\resources
2022-12-25 17:53:48,598 [Worker-34: Building] INFO  o.e.m.c.i.embedder.EclipseLogger - Using 'UTF-8' encoding to copy filtered resources.
2022-12-25 17:53:48,598 [Worker-34: Building] INFO  o.e.m.c.i.embedder.EclipseLogger - skip non existing resourceDirectory C:\Users\2549186\Desktop\OCP17-master\OCP17\src\main\resources
2022-12-25 17:53:48,599 [Worker-34: Building] INFO  o.e.m.c.i.embedder.EclipseLogger - Using 'UTF-8' encoding to copy filtered resources.
2022-12-25 17:53:48,599 [Worker-34: Building] INFO  o.e.m.c.i.embedder.EclipseLogger - skip non existing resourceDirectory C:\Users\2549186\Desktop\OCP17-master\OCP17\src\test\resources
2022-12-25 17:54:25,050 [Worker-40: Building Project OCP17] INFO  o.e.m.c.i.embedder.EclipseLogger - Using 'UTF-8' encoding to copy filtered resources.
2022-12-25 17:54:25,050 [Worker-40: Building Project OCP17] INFO  o.e.m.c.i.embedder.EclipseLogger - skip non existing resourceDirectory C:\Users\2549186\Desktop\OCP17-master\OCP17\src\main\resources
2022-12-25 17:54:25,051 [Worker-40: Building Project OCP17] INFO  o.e.m.c.i.embedder.EclipseLogger - Using 'UTF-8' encoding to copy filtered resources.
2022-12-25 17:54:25,051 [Worker-40: Building Project OCP17] INFO  o.e.m.c.i.embedder.EclipseLogger - skip non existing resourceDirectory C:\Users\2549186\Desktop\OCP17-master\OCP17\src\test\resources
2022-12-25 17:54:37,833 [Worker-41: Rebuilding] INFO  o.e.m.c.i.embedder.EclipseLogger - Using 'UTF-8' encoding to copy filtered resources.
2022-12-25 17:54:37,833 [Worker-41: Rebuilding] INFO  o.e.m.c.i.embedder.EclipseLogger - skip non existing resourceDirectory C:\Users\2549186\Desktop\OCP17-master\OCP17\src\main\resources
2022-12-25 17:54:37,833 [Worker-41: Rebuilding] INFO  o.e.m.c.i.embedder.EclipseLogger - Using 'UTF-8' encoding to copy filtered resources.
2022-12-25 17:54:37,833 [Worker-41: Rebuilding] INFO  o.e.m.c.i.embedder.EclipseLogger - skip non existing resourceDirectory C:\Users\2549186\Desktop\OCP17-master\OCP17\src\test\resources
2022-12-25 17:55:50,450 [Worker-42: Building] INFO  o.e.m.c.i.embedder.EclipseLogger - Using 'UTF-8' encoding to copy filtered resources.
2022-12-25 17:55:50,450 [Worker-42: Building] INFO  o.e.m.c.i.embedder.EclipseLogger - skip non existing resourceDirectory C:\Users\2549186\Desktop\OCP17-master\OCP17\src\main\resources
2022-12-25 17:55:50,451 [Worker-42: Building] INFO  o.e.m.c.i.embedder.EclipseLogger - Using 'UTF-8' encoding to copy filtered resources.
2022-12-25 17:55:50,451 [Worker-42: Building] INFO  o.e.m.c.i.embedder.EclipseLogger - skip non existing resourceDirectory C:\Users\2549186\Desktop\OCP17-master\OCP17\src\test\resources
2022-12-25 17:56:10,892 [Worker-38: Building Project OCP17] INFO  o.e.m.c.i.embedder.EclipseLogger - Using 'UTF-8' encoding to copy filtered resources.
2022-12-25 17:56:10,892 [Worker-38: Building Project OCP17] INFO  o.e.m.c.i.embedder.EclipseLogger - skip non existing resourceDirectory C:\Users\2549186\Desktop\OCP17-master\OCP17\src\main\resources
2022-12-25 17:56:10,892 [Worker-38: Building Project OCP17] INFO  o.e.m.c.i.embedder.EclipseLogger - Using 'UTF-8' encoding to copy filtered resources.
2022-12-25 17:56:10,893 [Worker-38: Building Project OCP17] INFO  o.e.m.c.i.embedder.EclipseLogger - skip non existing resourceDirectory C:\Users\2549186\Desktop\OCP17-master\OCP17\src\test\resources
2022-12-25 17:56:16,069 [Worker-42: Rebuilding] INFO  o.e.m.c.i.embedder.EclipseLogger - Using 'UTF-8' encoding to copy filtered resources.
2022-12-25 17:56:16,069 [Worker-42: Rebuilding] INFO  o.e.m.c.i.embedder.EclipseLogger - skip non existing resourceDirectory C:\Users\2549186\Desktop\OCP17-master\OCP17\src\main\resources
2022-12-25 17:56:16,069 [Worker-42: Rebuilding] INFO  o.e.m.c.i.embedder.EclipseLogger - Using 'UTF-8' encoding to copy filtered resources.
2022-12-25 17:56:16,069 [Worker-42: Rebuilding] INFO  o.e.m.c.i.embedder.EclipseLogger - skip non existing resourceDirectory C:\Users\2549186\Desktop\OCP17-master\OCP17\src\test\resources
